2023-04-04 09:45:26,206 [INFO] NvicIntPanel:101 - NVIC parent = com.st.microxplorer.plugins.ip.nvic.MultiNvicIntPanel[,0,0,0x0,invalid,layout=javax.swing.BoxLayout,alignmentX=0.0,alignmentY=0.0,border=,flags=9,maximumSize=,minimumSize=,preferredSize=]
2023-04-04 09:45:30,420 [INFO] NvicIntPanel:101 - NVIC parent = com.st.microxplorer.plugins.ip.nvic.MultiNvicIntPanel[,0,0,0x0,invalid,layout=javax.swing.BoxLayout,alignmentX=0.0,alignmentY=0.0,border=,flags=9,maximumSize=,minimumSize=,preferredSize=]
2023-04-04 09:45:32,050 [INFO] NvicIntPanel:101 - NVIC parent = com.st.microxplorer.plugins.ip.nvic.MultiNvicIntPanel[,0,0,0x0,invalid,layout=javax.swing.BoxLayout,alignmentX=0.0,alignmentY=0.0,border=,flags=9,maximumSize=,minimumSize=,preferredSize=]
2023-04-04 09:45:32,161 [INFO] NvicIntPanel:101 - NVIC parent = com.st.microxplorer.plugins.ip.nvic.MultiNvicIntPanel[,0,0,0x0,invalid,layout=javax.swing.BoxLayout,alignmentX=0.0,alignmentY=0.0,border=,flags=9,maximumSize=,minimumSize=,preferredSize=]
2023-04-04 09:46:35,855 [INFO] NvicIntPanel:101 - NVIC parent = com.st.microxplorer.plugins.ip.nvic.MultiNvicIntPanel[,0,0,0x0,invalid,layout=javax.swing.BoxLayout,alignmentX=0.0,alignmentY=0.0,border=,flags=9,maximumSize=,minimumSize=,preferredSize=]
2023-04-04 09:46:36,000 [INFO] NvicIntPanel:101 - NVIC parent = com.st.microxplorer.plugins.ip.nvic.MultiNvicIntPanel[,0,0,0x0,invalid,layout=javax.swing.BoxLayout,alignmentX=0.0,alignmentY=0.0,border=,flags=9,maximumSize=,minimumSize=,preferredSize=]
2023-04-04 09:47:18,448 [INFO] UtilMem:75 - End SaveConfig() Used Memory: 533217792 Bytes (769654784)
2023-04-04 09:47:18,600 [INFO] UtilMem:75 - End SaveConfig() Used Memory: 548946432 Bytes (769654784)
2023-04-04 09:47:20,233 [INFO] UtilMem:75 - End SaveConfig() Used Memory: 583549440 Bytes (769654784)
2023-04-04 09:47:20,575 [INFO] BlockDiagram:2759 - set Specific Code input for plugin: SPI
2023-04-04 09:47:20,575 [INFO] BlockDiagram:2759 - set Specific Code input for plugin: SYS
2023-04-04 09:47:20,575 [INFO] BlockDiagram:2759 - set Specific Code input for plugin: RCC
2023-04-04 09:47:20,575 [INFO] BlockDiagram:2759 - set Specific Code input for plugin: NVIC
2023-04-04 09:47:20,575 [INFO] BlockDiagram:2759 - set Specific Code input for plugin: USART
2023-04-04 09:47:20,575 [INFO] BlockDiagram:2759 - set Specific Code input for plugin: GPIO
2023-04-04 09:47:20,576 [INFO] CodeGenerator:793 - code generatio: config db path: /Applications/STM32CubeIDE.app/Contents/Eclipse/plugins/com.st.stm32cube.common.mx_6.8.0.202302231600//db/
2023-04-04 09:47:20,841 [INFO] CodeEngine:255 - oldGeneratedFile, /Users/madcloud123/Documents/GitHub/Rapid-ACDS-I2C-Data-Collection/UM7/MXTmpFiles/license.tmp_save
2023-04-04 09:47:20,967 [INFO] CodeEngine:279 - Generated code: /Users/madcloud123/Documents/GitHub/Rapid-ACDS-I2C-Data-Collection/UM7/MXTmpFiles/license.tmp
2023-04-04 09:47:21,076 [INFO] CodeEngine:255 - oldGeneratedFile, /Users/madcloud123/Documents/GitHub/Rapid-ACDS-I2C-Data-Collection/UM7/MXTmpFiles/gpio.tmp_save
2023-04-04 09:47:21,195 [INFO] CodeEngine:279 - Generated code: /Users/madcloud123/Documents/GitHub/Rapid-ACDS-I2C-Data-Collection/UM7/MXTmpFiles/gpio.tmp
2023-04-04 09:47:21,409 [INFO] CodeEngine:255 - oldGeneratedFile, /Users/madcloud123/Documents/GitHub/Rapid-ACDS-I2C-Data-Collection/UM7/Core/Src/stm32g4xx_it.c_save
2023-04-04 09:47:21,645 [INFO] CodeEngine:279 - Generated code: /Users/madcloud123/Documents/GitHub/Rapid-ACDS-I2C-Data-Collection/UM7/Core/Src/stm32g4xx_it.c
2023-04-04 09:47:21,648 [INFO] CodeEngine:255 - oldGeneratedFile, /Users/madcloud123/Documents/GitHub/Rapid-ACDS-I2C-Data-Collection/UM7/Core/Inc/stm32g4xx_it.h_save
2023-04-04 09:47:21,713 [INFO] CodeEngine:279 - Generated code: /Users/madcloud123/Documents/GitHub/Rapid-ACDS-I2C-Data-Collection/UM7/Core/Inc/stm32g4xx_it.h
2023-04-04 09:47:21,719 [INFO] CodeEngine:255 - oldGeneratedFile, /Users/madcloud123/Documents/GitHub/Rapid-ACDS-I2C-Data-Collection/UM7/Core/Src/stm32g4xx_hal_msp.c_save
2023-04-04 09:47:21,841 [INFO] CodeEngine:279 - Generated code: /Users/madcloud123/Documents/GitHub/Rapid-ACDS-I2C-Data-Collection/UM7/Core/Src/stm32g4xx_hal_msp.c
2023-04-04 09:47:21,845 [INFO] CodeEngine:255 - oldGeneratedFile, /Users/madcloud123/Documents/GitHub/Rapid-ACDS-I2C-Data-Collection/UM7/MXTmpFiles/system.tmp_save
2023-04-04 09:47:22,120 [INFO] CodeEngine:279 - Generated code: /Users/madcloud123/Documents/GitHub/Rapid-ACDS-I2C-Data-Collection/UM7/MXTmpFiles/system.tmp
2023-04-04 09:47:22,125 [INFO] CodeEngine:311 - oldGeneratedFile, /Users/madcloud123/Documents/GitHub/Rapid-ACDS-I2C-Data-Collection/UM7/Core/Inc/stm32g4xx_hal_conf.h_save
2023-04-04 09:47:22,222 [INFO] CodeEngine:335 - Generated code: /Users/madcloud123/Documents/GitHub/Rapid-ACDS-I2C-Data-Collection/UM7/Core/Inc/stm32g4xx_hal_conf.h
2023-04-04 09:47:22,247 [WARN] IPConfigManager:2937 - Warning: the RefConfig RCC_CommonPeriphClockConfig is not available in your config.xml file
2023-04-04 09:47:22,261 [INFO] CodeEngine:255 - oldGeneratedFile, /Users/madcloud123/Documents/GitHub/Rapid-ACDS-I2C-Data-Collection/UM7/Core/Inc/main.h_save
2023-04-04 09:47:22,369 [INFO] CodeEngine:279 - Generated code: /Users/madcloud123/Documents/GitHub/Rapid-ACDS-I2C-Data-Collection/UM7/Core/Inc/main.h
2023-04-04 09:47:22,372 [INFO] CodeEngine:255 - oldGeneratedFile, /Users/madcloud123/Documents/GitHub/Rapid-ACDS-I2C-Data-Collection/UM7/Core/Src/main.c_save
2023-04-04 09:47:22,482 [INFO] CodeEngine:279 - Generated code: /Users/madcloud123/Documents/GitHub/Rapid-ACDS-I2C-Data-Collection/UM7/Core/Src/main.c
2023-04-04 09:47:23,272 [INFO] ProjectBuilder:2996 - Time for Copy HAL[1] : 180mS.
2023-04-04 09:47:23,275 [INFO] ProjectBuilder:4304 - Project Generator version: 3.19.2
2023-04-04 09:47:23,610 [INFO] ConfigFileManager:1483 - The Die is : DIE468
2023-04-04 09:47:26,155 [INFO] ProjectBuilder:4505 - Time for Generating toolchain IDE Files: 2880mS.
2023-04-04 09:47:26,156 [INFO] ProjectBuilder:2867 - Time for Copy CMSIS : 0mS.
2023-04-04 09:47:26,158 [INFO] ProjectBuilder:2867 - Time for Copy CMSIS : 0mS.
2023-04-04 11:48:37,902 [INFO] Gpio:273 - dependency for GPIO [SPI1, SYS, USART2]
2023-04-04 11:48:46,150 [INFO] Gpio:273 - dependency for GPIO [SPI1, SYS, USART2]
2023-04-04 11:50:00,507 [INFO] UtilMem:75 - End SaveConfig() Used Memory: 538111720 Bytes (769654784)
2023-04-04 11:50:00,681 [INFO] UtilMem:75 - End SaveConfig() Used Memory: 553210000 Bytes (769654784)
2023-04-04 11:50:01,145 [INFO] UtilMem:75 - End SaveConfig() Used Memory: 604696296 Bytes (769654784)
2023-04-04 11:50:01,749 [INFO] BlockDiagram:2759 - set Specific Code input for plugin: SPI
2023-04-04 11:50:01,750 [INFO] BlockDiagram:2759 - set Specific Code input for plugin: SYS
2023-04-04 11:50:01,750 [INFO] BlockDiagram:2759 - set Specific Code input for plugin: RCC
2023-04-04 11:50:01,750 [INFO] BlockDiagram:2759 - set Specific Code input for plugin: NVIC
2023-04-04 11:50:01,750 [INFO] BlockDiagram:2759 - set Specific Code input for plugin: USART
2023-04-04 11:50:01,750 [INFO] BlockDiagram:2759 - set Specific Code input for plugin: GPIO
2023-04-04 11:50:01,751 [INFO] CodeGenerator:793 - code generatio: config db path: /Applications/STM32CubeIDE.app/Contents/Eclipse/plugins/com.st.stm32cube.common.mx_6.8.0.202302231600//db/
2023-04-04 11:50:02,278 [INFO] CodeEngine:255 - oldGeneratedFile, /Users/madcloud123/Documents/GitHub/Rapid-ACDS-I2C-Data-Collection/UM7/MXTmpFiles/license.tmp_save
2023-04-04 11:50:02,461 [INFO] CodeEngine:279 - Generated code: /Users/madcloud123/Documents/GitHub/Rapid-ACDS-I2C-Data-Collection/UM7/MXTmpFiles/license.tmp
2023-04-04 11:50:02,621 [INFO] CodeEngine:255 - oldGeneratedFile, /Users/madcloud123/Documents/GitHub/Rapid-ACDS-I2C-Data-Collection/UM7/MXTmpFiles/gpio.tmp_save
2023-04-04 11:50:02,785 [INFO] CodeEngine:279 - Generated code: /Users/madcloud123/Documents/GitHub/Rapid-ACDS-I2C-Data-Collection/UM7/MXTmpFiles/gpio.tmp
2023-04-04 11:50:03,183 [INFO] CodeEngine:255 - oldGeneratedFile, /Users/madcloud123/Documents/GitHub/Rapid-ACDS-I2C-Data-Collection/UM7/Core/Src/stm32g4xx_it.c_save
2023-04-04 11:50:03,469 [INFO] CodeEngine:279 - Generated code: /Users/madcloud123/Documents/GitHub/Rapid-ACDS-I2C-Data-Collection/UM7/Core/Src/stm32g4xx_it.c
2023-04-04 11:50:03,478 [INFO] CodeEngine:255 - oldGeneratedFile, /Users/madcloud123/Documents/GitHub/Rapid-ACDS-I2C-Data-Collection/UM7/Core/Inc/stm32g4xx_it.h_save
2023-04-04 11:50:03,695 [INFO] CodeEngine:279 - Generated code: /Users/madcloud123/Documents/GitHub/Rapid-ACDS-I2C-Data-Collection/UM7/Core/Inc/stm32g4xx_it.h
2023-04-04 11:50:03,708 [INFO] CodeEngine:255 - oldGeneratedFile, /Users/madcloud123/Documents/GitHub/Rapid-ACDS-I2C-Data-Collection/UM7/Core/Src/stm32g4xx_hal_msp.c_save
2023-04-04 11:50:03,936 [INFO] CodeEngine:279 - Generated code: /Users/madcloud123/Documents/GitHub/Rapid-ACDS-I2C-Data-Collection/UM7/Core/Src/stm32g4xx_hal_msp.c
2023-04-04 11:50:03,940 [INFO] CodeEngine:255 - oldGeneratedFile, /Users/madcloud123/Documents/GitHub/Rapid-ACDS-I2C-Data-Collection/UM7/MXTmpFiles/system.tmp_save
2023-04-04 11:50:04,036 [INFO] CodeEngine:279 - Generated code: /Users/madcloud123/Documents/GitHub/Rapid-ACDS-I2C-Data-Collection/UM7/MXTmpFiles/system.tmp
2023-04-04 11:50:04,045 [INFO] CodeEngine:311 - oldGeneratedFile, /Users/madcloud123/Documents/GitHub/Rapid-ACDS-I2C-Data-Collection/UM7/Core/Inc/stm32g4xx_hal_conf.h_save
2023-04-04 11:50:04,137 [INFO] CodeEngine:335 - Generated code: /Users/madcloud123/Documents/GitHub/Rapid-ACDS-I2C-Data-Collection/UM7/Core/Inc/stm32g4xx_hal_conf.h
2023-04-04 11:50:04,257 [WARN] IPConfigManager:2937 - Warning: the RefConfig RCC_CommonPeriphClockConfig is not available in your config.xml file
2023-04-04 11:50:04,369 [INFO] CodeEngine:255 - oldGeneratedFile, /Users/madcloud123/Documents/GitHub/Rapid-ACDS-I2C-Data-Collection/UM7/Core/Inc/main.h_save
2023-04-04 11:50:04,629 [INFO] CodeEngine:279 - Generated code: /Users/madcloud123/Documents/GitHub/Rapid-ACDS-I2C-Data-Collection/UM7/Core/Inc/main.h
2023-04-04 11:50:04,634 [INFO] CodeEngine:255 - oldGeneratedFile, /Users/madcloud123/Documents/GitHub/Rapid-ACDS-I2C-Data-Collection/UM7/Core/Src/main.c_save
2023-04-04 11:50:04,825 [INFO] CodeEngine:279 - Generated code: /Users/madcloud123/Documents/GitHub/Rapid-ACDS-I2C-Data-Collection/UM7/Core/Src/main.c
2023-04-04 11:50:06,258 [INFO] ProjectBuilder:2996 - Time for Copy HAL[1] : 413mS.
2023-04-04 11:50:06,262 [INFO] ProjectBuilder:4304 - Project Generator version: 3.19.2
2023-04-04 11:50:06,910 [INFO] ConfigFileManager:1483 - The Die is : DIE468
2023-04-04 11:50:13,857 [INFO] ProjectBuilder:4505 - Time for Generating toolchain IDE Files: 7595mS.
2023-04-04 11:50:13,858 [INFO] ProjectBuilder:2867 - Time for Copy CMSIS : 1mS.
2023-04-04 11:50:13,859 [INFO] ProjectBuilder:2867 - Time for Copy CMSIS : 0mS.
2023-04-04 17:13:56,759 [INFO] Activator:176 - 


2023-04-04 17:13:56,762 [INFO] Activator:177 - !SESSION log4j initialized
2023-04-04 17:14:01,289 [ERROR] LogOutputStream:75 - [STDERR_REDIRECT] 
2023-04-04 17:14:02,045 [INFO] LogOutputStream:77 - [STDOUT_REDIRECT] 
2023-04-04 17:14:04,026 [INFO] LogOutputStream:77 - [STDOUT_REDIRECT] 
2023-04-04 17:14:25,624 [ERROR] LogOutputStream:75 - [STDERR_REDIRECT] SLF4J: Failed to load class "org.slf4j.impl.StaticLoggerBinder".
2023-04-04 17:14:25,624 [ERROR] LogOutputStream:75 - [STDERR_REDIRECT] SLF4J: Defaulting to no-operation (NOP) logger implementation
2023-04-04 17:14:25,625 [ERROR] LogOutputStream:75 - [STDERR_REDIRECT] SLF4J: See http://www.slf4j.org/codes.html#StaticLoggerBinder for further details.
2023-04-04 17:18:59,005 [INFO] McuFinderGlobals:53 - Set McuFinder mode to 2 (CubeIDE integrated)
2023-04-04 17:18:59,172 [INFO] ApplicationProperties:184 - Using Application install path: /Applications/STM32CubeIDE.app/Contents/Eclipse/plugins/com.st.stm32cube.common.mx_6.8.0.202302231600
2023-04-04 17:18:59,192 [INFO] DbMcusXml:78 - Set database path to: /Applications/STM32CubeIDE.app/Contents/Eclipse/plugins/com.st.stm32cube.common.mx_6.8.0.202302231600//db//mcu/
2023-04-04 17:18:59,192 [INFO] ApiDb:274 - Set plugin database path to: /Applications/STM32CubeIDE.app/Contents/Eclipse/plugins/com.st.stm32cube.common.mx_6.8.0.202302231600//db//plugins/boardmanager/
2023-04-04 17:18:59,195 [WARN] ApiDb:259 - Overriding images path with different value:  => /Applications/STM32CubeIDE.app/Contents/Eclipse/plugins/com.st.stm32cube.common.mx_6.8.0.202302231600//db//plugins/mcufinder/images/
2023-04-04 17:18:59,224 [INFO] ApiDb:250 - Set database path to: /Users/madcloud123/.stmcufinder/plugins/mcufinder//mcu/
2023-04-04 17:18:59,226 [INFO] DbMcusAds:125 - Set database path to: /Users/madcloud123/.stmcufinder/plugins/mcufinder//mcu/
2023-04-04 17:18:59,230 [INFO] CrossReferenceDbSqlite:203 - Set database path to: /Users/madcloud123/.stmcufinder/plugins/mcufinder//mcu/cs/
2023-04-04 17:18:59,361 [INFO] RulesReader:64 - Compatibility file has been processed (293 Rules)
2023-04-04 17:18:59,431 [INFO] DbMcusXml:78 - Set database path to: /Applications/STM32CubeIDE.app/Contents/Eclipse/plugins/com.st.stm32cube.common.mx_6.8.0.202302231600//db//mcu/
2023-04-04 17:18:59,431 [INFO] ApiDb:274 - Set plugin database path to: /Applications/STM32CubeIDE.app/Contents/Eclipse/plugins/com.st.stm32cube.common.mx_6.8.0.202302231600//db//plugins/boardmanager/
2023-04-04 17:18:59,431 [INFO] ApiDb:261 - Set plugin images path to: /Applications/STM32CubeIDE.app/Contents/Eclipse/plugins/com.st.stm32cube.common.mx_6.8.0.202302231600//db//plugins/mcufinder/images/
2023-04-04 17:18:59,431 [WARN] DbFile:41 - Overriding database path with different value: /Users/madcloud123/.stmcufinder/plugins/mcufinder/ => /Users/madcloud123/.stmcufinder/plugins/mcufinder
2023-04-04 17:18:59,431 [INFO] ApiDb:250 - Set database path to: /Users/madcloud123/.stmcufinder/plugins/mcufinder//mcu/
2023-04-04 17:18:59,432 [WARN] DbFile:41 - Overriding database path with different value: /Users/madcloud123/.stmcufinder/plugins/mcufinder/ => /Users/madcloud123/.stmcufinder/plugins/mcufinder
2023-04-04 17:18:59,432 [INFO] DbMcusAds:125 - Set database path to: /Users/madcloud123/.stmcufinder/plugins/mcufinder//mcu/
2023-04-04 17:18:59,432 [WARN] DbFile:41 - Overriding database path with different value: /Users/madcloud123/.stmcufinder/plugins/mcufinder/ => /Users/madcloud123/.stmcufinder/plugins/mcufinder
2023-04-04 17:18:59,432 [WARN] DbFile:41 - Overriding database path with different value: /Users/madcloud123/.stmcufinder/plugins/mcufinder/ => /Users/madcloud123/.stmcufinder/plugins/mcufinder
2023-04-04 17:18:59,432 [INFO] CrossReferenceDbSqlite:203 - Set database path to: /Users/madcloud123/.stmcufinder/plugins/mcufinder//mcu/cs/
2023-04-04 17:18:59,513 [INFO] MainPanel:253 - HeapMemory: 439353344
2023-04-04 17:18:59,640 [INFO] DbMcusXml:78 - Set database path to: /Applications/STM32CubeIDE.app/Contents/Eclipse/plugins/com.st.stm32cube.common.mx_6.8.0.202302231600//db//mcu/
2023-04-04 17:18:59,640 [INFO] ApiDb:274 - Set plugin database path to: /Applications/STM32CubeIDE.app/Contents/Eclipse/plugins/com.st.stm32cube.common.mx_6.8.0.202302231600//db//plugins/boardmanager/
2023-04-04 17:18:59,640 [INFO] ApiDb:261 - Set plugin images path to: /Applications/STM32CubeIDE.app/Contents/Eclipse/plugins/com.st.stm32cube.common.mx_6.8.0.202302231600//db//plugins/mcufinder/images/
2023-04-04 17:18:59,640 [WARN] DbFile:41 - Overriding database path with different value: /Users/madcloud123/.stmcufinder/plugins/mcufinder/ => /Users/madcloud123/.stmcufinder/plugins/mcufinder
2023-04-04 17:18:59,640 [INFO] ApiDb:250 - Set database path to: /Users/madcloud123/.stmcufinder/plugins/mcufinder//mcu/
2023-04-04 17:18:59,640 [WARN] DbFile:41 - Overriding database path with different value: /Users/madcloud123/.stmcufinder/plugins/mcufinder/ => /Users/madcloud123/.stmcufinder/plugins/mcufinder
2023-04-04 17:18:59,640 [INFO] DbMcusAds:125 - Set database path to: /Users/madcloud123/.stmcufinder/plugins/mcufinder//mcu/
2023-04-04 17:18:59,641 [WARN] DbFile:41 - Overriding database path with different value: /Users/madcloud123/.stmcufinder/plugins/mcufinder/ => /Users/madcloud123/.stmcufinder/plugins/mcufinder
2023-04-04 17:18:59,641 [WARN] DbFile:41 - Overriding database path with different value: /Users/madcloud123/.stmcufinder/plugins/mcufinder/ => /Users/madcloud123/.stmcufinder/plugins/mcufinder
2023-04-04 17:18:59,641 [INFO] CrossReferenceDbSqlite:203 - Set database path to: /Users/madcloud123/.stmcufinder/plugins/mcufinder//mcu/cs/
2023-04-04 17:18:59,659 [INFO] ApplicationProperties:184 - Using Application install path: /Applications/STM32CubeIDE.app/Contents/Eclipse/plugins/com.st.stm32cube.common.mx_6.8.0.202302231600
2023-04-04 17:18:59,661 [INFO] PluginManage:196 - Search for loadable plugins [exclusion list=, ]
2023-04-04 17:18:59,662 [INFO] PluginManage:310 - Check plugin analytics
2023-04-04 17:18:59,875 [INFO] AnalyticsPlugin:253 - Accepted Software Licenses: 
2023-04-04 17:18:59,876 [INFO] AnalyticsPlugin:255 - Accepted CMSIS Pack Licenses: 
2023-04-04 17:18:59,876 [INFO] AnalyticsPlugin:257 - Accepted Firmware Licenses: 
2023-04-04 17:18:59,884 [INFO] PluginManage:359 - Loaded plugin analytics (category:tool,tabindex:-1)
2023-04-04 17:18:59,884 [INFO] PluginManage:310 - Check plugin cadmodel
2023-04-04 17:19:00,595 [INFO] CADModel:105 - Init CAD model plugin
2023-04-04 17:19:00,595 [INFO] PluginManage:359 - Loaded plugin cadmodel (category:power,tabindex:5)
2023-04-04 17:19:00,595 [INFO] PluginManage:310 - Check plugin clock
2023-04-04 17:19:00,606 [INFO] PluginManage:359 - Loaded plugin clock (category:base,tabindex:2)
2023-04-04 17:19:00,606 [INFO] PluginManage:310 - Check plugin ddr
2023-04-04 17:19:00,609 [INFO] PluginManage:359 - Loaded plugin ddr (category:tool,tabindex:6)
2023-04-04 17:19:00,609 [INFO] PluginManage:310 - Check plugin filemanager
2023-04-04 17:19:00,770 [INFO] PluginManage:359 - Loaded plugin filemanager (category:base,tabindex:10)
2023-04-04 17:19:00,771 [INFO] PluginManage:310 - Check plugin ipmanager
2023-04-04 17:19:00,778 [INFO] PluginManage:359 - Loaded plugin ipmanager (category:base,tabindex:5)
2023-04-04 17:19:00,778 [INFO] PluginManage:310 - Check plugin lpbam
2023-04-04 17:19:00,789 [INFO] PluginManage:359 - Loaded plugin lpbam (category:base,tabindex:0)
2023-04-04 17:19:00,789 [INFO] PluginManage:310 - Check plugin pinoutandconfiguration
2023-04-04 17:19:00,799 [INFO] PluginManage:359 - Loaded plugin pinoutandconfiguration (category:base,tabindex:1)
2023-04-04 17:19:00,799 [INFO] PluginManage:310 - Check plugin pinoutconfig
2023-04-04 17:19:00,922 [WARN] SupportedApi:132 - Cannot load RTOS API schema: s4s-elt-must-match.1: The content of 'definitions' must match (annotation?, (simpleType | complexType)?, (unique | key | keyref)*)). A problem was found starting at: attribute.
2023-04-04 17:19:01,104 [INFO] PluginManage:359 - Loaded plugin pinoutconfig (category:base,tabindex:0)
2023-04-04 17:19:01,105 [INFO] PluginManage:310 - Check plugin power
2023-04-04 17:19:01,119 [INFO] PluginManage:359 - Loaded plugin power (category:power,tabindex:4)
2023-04-04 17:19:01,119 [INFO] PluginManage:310 - Check plugin projectmanager
2023-04-04 17:19:01,140 [INFO] PluginManage:359 - Loaded plugin projectmanager (category:projectmanager,tabindex:3)
2023-04-04 17:19:01,141 [INFO] PluginManage:310 - Check plugin thirdparty
2023-04-04 17:19:01,279 [INFO] PluginManage:359 - Loaded plugin thirdparty (category:base,tabindex:-1)
2023-04-04 17:19:01,279 [INFO] PluginManage:310 - Check plugin tools
2023-04-04 17:19:01,282 [INFO] PluginManage:359 - Loaded plugin tools (category:base,tabindex:7)
2023-04-04 17:19:01,282 [INFO] PluginManage:310 - Check plugin tutovideos
2023-04-04 17:19:01,279 [WARN] IntegrityCheckThread:84 - waiting for thirdparty lock release [integrity check]
2023-04-04 17:19:01,283 [INFO] IntegrityCheckThread:86 - entering critical section [integrity check]
2023-04-04 17:19:01,286 [INFO] ThirdPartyUpdaterWithRetryManager:70 - Updater plugin not ready yet. [1/15]
2023-04-04 17:19:01,533 [INFO] PluginManage:359 - Loaded plugin tutovideos (category:base,tabindex:-1)
2023-04-04 17:19:01,534 [INFO] PluginManage:310 - Check plugin updater
2023-04-04 17:19:01,551 [INFO] PluginManage:359 - Loaded plugin updater (category:base,tabindex:12)
2023-04-04 17:19:01,551 [INFO] PluginManage:283 - PluginManage : Loaded plugins [15]
2023-04-04 17:19:01,808 [INFO] PinOutPanel:1499 - setPackage(No Configuration,No Configuration)
2023-04-04 17:19:01,904 [INFO] CADModel:165 - CPN selected for project level
2023-04-04 17:19:01,904 [INFO] CADModel:114 - Register for checkConnection events
2023-04-04 17:19:01,921 [INFO] IPUIPlugin:80 - create IPUIPlugin
2023-04-04 17:19:01,922 [INFO] PluginManager:220 - loadIPPluginJar : add mdma
2023-04-04 17:19:01,945 [INFO] IPUIPlugin:80 - create IPUIPlugin
2023-04-04 17:19:01,946 [INFO] PluginManager:220 - loadIPPluginJar : add freertos
2023-04-04 17:19:01,953 [INFO] IPUIPlugin:80 - create IPUIPlugin
2023-04-04 17:19:01,954 [INFO] PluginManager:220 - loadIPPluginJar : add gic
2023-04-04 17:19:01,966 [INFO] IPUIPlugin:80 - create IPUIPlugin
2023-04-04 17:19:01,966 [INFO] PluginManager:220 - loadIPPluginJar : add adc
2023-04-04 17:19:01,970 [INFO] IPUIPlugin:80 - create IPUIPlugin
2023-04-04 17:19:01,970 [INFO] PluginManager:220 - loadIPPluginJar : add gtzc
2023-04-04 17:19:01,972 [INFO] IPUIPlugin:80 - create IPUIPlugin
2023-04-04 17:19:01,972 [INFO] PluginManager:220 - loadIPPluginJar : add quadspi
2023-04-04 17:19:01,975 [INFO] IPUIPlugin:80 - create IPUIPlugin
2023-04-04 17:19:01,975 [INFO] PluginManager:220 - loadIPPluginJar : add aes
2023-04-04 17:19:01,979 [INFO] IPUIPlugin:80 - create IPUIPlugin
2023-04-04 17:19:01,979 [INFO] PluginManager:220 - loadIPPluginJar : add pdm2pcm
2023-04-04 17:19:01,981 [INFO] IPUIPlugin:80 - create IPUIPlugin
2023-04-04 17:19:01,982 [INFO] PluginManager:220 - loadIPPluginJar : add hash
2023-04-04 17:19:01,984 [INFO] IPUIPlugin:80 - create IPUIPlugin
2023-04-04 17:19:01,984 [INFO] PluginManager:220 - loadIPPluginJar : add tim
2023-04-04 17:19:01,986 [INFO] IPUIPlugin:80 - create IPUIPlugin
2023-04-04 17:19:01,986 [INFO] PluginManager:220 - loadIPPluginJar : add tsc
2023-04-04 17:19:01,988 [INFO] IPUIPlugin:80 - create IPUIPlugin
2023-04-04 17:19:01,988 [INFO] PluginManager:220 - loadIPPluginJar : add ts
2023-04-04 17:19:01,991 [INFO] IPUIPlugin:80 - create IPUIPlugin
2023-04-04 17:19:01,991 [INFO] PluginManager:220 - loadIPPluginJar : add can
2023-04-04 17:19:01,994 [INFO] IPUIPlugin:80 - create IPUIPlugin
2023-04-04 17:19:01,994 [INFO] PluginManager:220 - loadIPPluginJar : add dma3
2023-04-04 17:19:01,997 [INFO] IPUIPlugin:80 - create IPUIPlugin
2023-04-04 17:19:01,997 [INFO] PluginManager:220 - loadIPPluginJar : add dfsdm
2023-04-04 17:19:01,999 [INFO] IPUIPlugin:80 - create IPUIPlugin
2023-04-04 17:19:01,999 [INFO] PluginManager:220 - loadIPPluginJar : add spi
2023-04-04 17:19:02,002 [INFO] IPUIPlugin:80 - create IPUIPlugin
2023-04-04 17:19:02,002 [INFO] PluginManager:220 - loadIPPluginJar : add gfxmmu
2023-04-04 17:19:02,004 [INFO] IPUIPlugin:80 - create IPUIPlugin
2023-04-04 17:19:02,004 [INFO] PluginManager:220 - loadIPPluginJar : add genericplugin
2023-04-04 17:19:02,008 [INFO] IPUIPlugin:80 - create IPUIPlugin
2023-04-04 17:19:02,008 [INFO] PluginManager:220 - loadIPPluginJar : add cryp
2023-04-04 17:19:02,012 [INFO] IPUIPlugin:80 - create IPUIPlugin
2023-04-04 17:19:02,012 [INFO] PluginManager:220 - loadIPPluginJar : add gpio
2023-04-04 17:19:02,014 [INFO] IPUIPlugin:80 - create IPUIPlugin
2023-04-04 17:19:02,014 [INFO] PluginManager:220 - loadIPPluginJar : add comp
2023-04-04 17:19:02,016 [INFO] IPUIPlugin:80 - create IPUIPlugin
2023-04-04 17:19:02,016 [INFO] PluginManager:220 - loadIPPluginJar : add tracer_emb
2023-04-04 17:19:02,020 [INFO] IPUIPlugin:80 - create IPUIPlugin
2023-04-04 17:19:02,020 [INFO] PluginManager:220 - loadIPPluginJar : add openamp
2023-04-04 17:19:02,026 [INFO] IPUIPlugin:80 - create IPUIPlugin
2023-04-04 17:19:02,026 [INFO] PluginManager:220 - loadIPPluginJar : add stm32_wpan
2023-04-04 17:19:02,034 [INFO] IPUIPlugin:80 - create IPUIPlugin
2023-04-04 17:19:02,038 [INFO] PluginManager:220 - loadIPPluginJar : add plateformsettings
2023-04-04 17:19:02,042 [INFO] IPUIPlugin:80 - create IPUIPlugin
2023-04-04 17:19:02,043 [INFO] PluginManager:220 - loadIPPluginJar : add ipddr
2023-04-04 17:19:02,046 [INFO] IPUIPlugin:80 - create IPUIPlugin
2023-04-04 17:19:02,046 [INFO] PluginManager:220 - loadIPPluginJar : add usart
2023-04-04 17:19:02,048 [INFO] IPUIPlugin:80 - create IPUIPlugin
2023-04-04 17:19:02,048 [INFO] PluginManager:220 - loadIPPluginJar : add ltdc
2023-04-04 17:19:02,052 [INFO] IPUIPlugin:80 - create IPUIPlugin
2023-04-04 17:19:02,053 [INFO] PluginManager:220 - loadIPPluginJar : add nvic
2023-04-04 17:19:02,054 [INFO] IPUIPlugin:80 - create IPUIPlugin
2023-04-04 17:19:02,054 [INFO] PluginManager:220 - loadIPPluginJar : add fatfs
2023-04-04 17:19:02,063 [INFO] IPUIPlugin:80 - create IPUIPlugin
2023-04-04 17:19:02,063 [INFO] PluginManager:220 - loadIPPluginJar : add linkedlist
2023-04-04 17:19:02,070 [INFO] IPUIPlugin:80 - create IPUIPlugin
2023-04-04 17:19:02,070 [INFO] PluginManager:220 - loadIPPluginJar : add dma
2023-04-04 17:19:02,076 [INFO] IPUIPlugin:80 - create IPUIPlugin
2023-04-04 17:19:02,076 [INFO] PluginManager:220 - loadIPPluginJar : add fmc
2023-04-04 17:19:02,079 [INFO] IPUIPlugin:80 - create IPUIPlugin
2023-04-04 17:19:02,079 [INFO] PluginManager:220 - loadIPPluginJar : add i2s
2023-04-04 17:19:02,081 [INFO] IPUIPlugin:80 - create IPUIPlugin
2023-04-04 17:19:02,081 [INFO] PluginManager:220 - loadIPPluginJar : add ucpd
2023-04-04 17:19:02,084 [INFO] IPUIPlugin:80 - create IPUIPlugin
2023-04-04 17:19:02,084 [INFO] PluginManager:220 - loadIPPluginJar : add lorawan
2023-04-04 17:19:02,087 [INFO] IPUIPlugin:80 - create IPUIPlugin
2023-04-04 17:19:02,087 [INFO] PluginManager:220 - loadIPPluginJar : add opamp
2023-04-04 17:19:02,091 [INFO] IPUIPlugin:80 - create IPUIPlugin
2023-04-04 17:19:02,091 [INFO] PluginManager:220 - loadIPPluginJar : add i3c
2023-04-04 17:19:02,095 [INFO] IPUIPlugin:80 - create IPUIPlugin
2023-04-04 17:19:02,095 [INFO] PluginManager:220 - loadIPPluginJar : add touchsensing
2023-04-04 17:19:02,098 [INFO] IPUIPlugin:80 - create IPUIPlugin
2023-04-04 17:19:02,098 [INFO] PluginManager:220 - loadIPPluginJar : add i2c
2023-04-04 17:19:02,102 [INFO] IPUIPlugin:80 - create IPUIPlugin
2023-04-04 17:19:02,103 [INFO] PluginManager:220 - loadIPPluginJar : add resmgrutility
2023-04-04 17:19:02,107 [INFO] IPUIPlugin:80 - create IPUIPlugin
2023-04-04 17:19:02,107 [INFO] PluginManager:220 - loadIPPluginJar : add sai
2023-04-04 17:19:02,110 [INFO] IPUIPlugin:80 - create IPUIPlugin
2023-04-04 17:19:02,110 [INFO] PluginManager:220 - loadIPPluginJar : add usbx
2023-04-04 17:19:02,225 [INFO] CADModel:165 - CPN selected for project level
2023-04-04 17:19:02,225 [INFO] CADModel:114 - Register for checkConnection events
2023-04-04 17:19:02,225 [FATAL] Updater:308 - Updater called before beeing initialized
2023-04-04 17:19:02,225 [ERROR] CADModel:125 - Updater not yet initialized, retry later 
2023-04-04 17:19:02,373 [INFO] CADModel:165 - CPN selected for project level
2023-04-04 17:19:02,373 [INFO] CADModel:114 - Register for checkConnection events
2023-04-04 17:19:02,373 [FATAL] Updater:308 - Updater called before beeing initialized
2023-04-04 17:19:02,373 [ERROR] CADModel:125 - Updater not yet initialized, retry later 
2023-04-04 17:19:02,378 [FATAL] Updater:308 - Updater called before beeing initialized
2023-04-04 17:19:02,488 [FATAL] Updater:308 - Updater called before beeing initialized
2023-04-04 17:19:02,496 [INFO] DbMcusAds:53 - JSON generation date=Tue Mar 07 00:50:55 PST 2023 (1678179055335)
2023-04-04 17:19:02,496 [FATAL] Updater:308 - Updater called before beeing initialized
2023-04-04 17:19:02,553 [WARN] DetailPanel:346 - Failed to get advertising image, set to default
2023-04-04 17:19:02,642 [FATAL] Updater:308 - Updater called before beeing initialized
2023-04-04 17:19:02,645 [FATAL] Updater:308 - Updater called before beeing initialized
2023-04-04 17:19:02,645 [FATAL] Updater:308 - Updater called before beeing initialized
2023-04-04 17:19:02,645 [WARN] DetailPanel:346 - Failed to get advertising image, set to default
2023-04-04 17:19:02,646 [FATAL] Updater:308 - Updater called before beeing initialized
2023-04-04 17:19:02,694 [ERROR] Updater:1120 - MainUpdater not yet initialized. External WinMGr cannot be set.
2023-04-04 17:19:02,696 [INFO] Updater:1056 - Updater Version found : 6.8.0
2023-04-04 17:19:02,718 [INFO] ApplicationProperties:184 - Using Application install path: /Applications/STM32CubeIDE.app/Contents/Eclipse/plugins/com.st.stm32cube.common.mx_6.8.0.202302231600
2023-04-04 17:19:02,881 [INFO] MainUpdater:2854 - connection check result : 10
2023-04-04 17:19:02,882 [INFO] MainUpdater:283 - Updater Check For Update Now.
2023-04-04 17:19:02,882 [INFO] MicroXplorer:498 - Change Database Version : DB.6.0.80
2023-04-04 17:19:03,052 [INFO] CheckServerUpdateThread:120 - End of CheckServer Thread
2023-04-04 17:19:03,090 [INFO] MainUpdater:2854 - connection check result : 10
2023-04-04 17:19:03,091 [INFO] MainUpdater:2854 - connection check result : 10
2023-04-04 17:19:04,281 [INFO] MicroXplorer:468 - Change Database Path : 
2023-04-04 17:19:04,287 [INFO] MicroXplorer:498 - Change Database Version : DB.6.0.80
2023-04-04 17:19:04,320 [WARN] ThirdParty:871 - waiting for thirdparty lock release [close project]
2023-04-04 17:19:04,956 [WARN] PackLoader:240 - Cannot read IP mode file for STMicroelectronics.X-CUBE-GNSS1.6.0.0
2023-04-04 17:19:04,995 [WARN] PackLoader:240 - Cannot read IP mode file for STMicroelectronics.X-CUBE-AZRTOS-F4.1.1.0
2023-04-04 17:19:05,016 [WARN] PackLoader:240 - Cannot read IP mode file for STMicroelectronics.X-CUBE-BLEMGR.1.2.0
2023-04-04 17:19:05,053 [WARN] PackLoader:240 - Cannot read IP mode file for STMicroelectronics.X-CUBE-AZRTOS-F7.1.1.0
2023-04-04 17:19:05,069 [WARN] PackLoader:240 - Cannot read IP mode file for STMicroelectronics.X-CUBE-BLE1.6.2.3
2023-04-04 17:19:05,074 [WARN] PackLoader:240 - Cannot read IP mode file for STMicroelectronics.X-CUBE-BLE1.6.2.4
2023-04-04 17:19:05,092 [WARN] PackLoader:240 - Cannot read IP mode file for emotas.I-CUBE-CANOPEN.1.1.3
2023-04-04 17:19:05,101 [WARN] PackLoader:240 - Cannot read IP mode file for STMicroelectronics.X-CUBE-BLEMGR.2.0.0
2023-04-04 17:19:05,108 [WARN] PackLoader:240 - Cannot read IP mode file for STMicroelectronics.X-CUBE-NFC4.2.0.4
2023-04-04 17:19:05,116 [WARN] PackLoader:240 - Cannot read IP mode file for STMicroelectronics.X-CUBE-DISPLAY.3.0.0
2023-04-04 17:19:05,124 [WARN] PackLoader:240 - Cannot read IP mode file for wolfSSL.I-CUBE-wolfSSL.5.5.3
2023-04-04 17:19:05,129 [WARN] PackLoader:240 - Cannot read IP mode file for STMicroelectronics.X-CUBE-NFC7.1.0.0
2023-04-04 17:19:05,184 [WARN] PackLoader:240 - Cannot read IP mode file for STMicroelectronics.X-CUBE-MEMS1.9.3.0
2023-04-04 17:19:05,438 [WARN] PackLoader:240 - Cannot read IP mode file for STMicroelectronics.X-CUBE-EEPRMA1.4.1.0
2023-04-04 17:19:05,446 [WARN] PackLoader:240 - Cannot read IP mode file for WES.I-CUBE-Cesium.1.3.0
2023-04-04 17:19:05,453 [WARN] PackLoader:240 - Cannot read IP mode file for STMicroelectronics.X-CUBE-SFXS2LP1.4.0.0
2023-04-04 17:19:05,458 [WARN] PackLoader:240 - Cannot read IP mode file for STMicroelectronics.X-CUBE-BLE2.3.3.0
2023-04-04 17:19:05,464 [WARN] PackLoader:240 - Cannot read IP mode file for STMicroelectronics.X-CUBE-DISPLAY.2.2.0
2023-04-04 17:19:05,477 [WARN] PackLoader:240 - Cannot read IP mode file for STMicroelectronics.X-CUBE-TOF1.3.2.0
2023-04-04 17:19:05,520 [WARN] PackLoader:240 - Cannot read IP mode file for STMicroelectronics.X-CUBE-AZRTOS-H7.3.0.0
2023-04-04 17:19:05,535 [WARN] PackLoader:240 - Cannot read IP mode file for STMicroelectronics.X-CUBE-ISPU.1.1.0
2023-04-04 17:19:05,543 [WARN] PackLoader:240 - Cannot read IP mode file for RoweBots.I-CUBE-UNISONRTOS.5.5.0-4
2023-04-04 17:19:05,572 [WARN] PackLoader:240 - Cannot read IP mode file for STMicroelectronics.X-CUBE-AZRTOS-H7.2.1.0
2023-04-04 17:19:05,579 [WARN] PackLoader:240 - Cannot read IP mode file for STMicroelectronics.X-CUBE-AI.8.0.0
2023-04-04 17:19:05,583 [WARN] PackLoader:240 - Cannot read IP mode file for STMicroelectronics.X-CUBE-FREERTOS.1.0.0
2023-04-04 17:19:05,587 [WARN] PackLoader:240 - Cannot read IP mode file for STMicroelectronics.X-CUBE-TOUCHGFX.4.21.1
2023-04-04 17:19:05,590 [WARN] PackLoader:240 - Cannot read IP mode file for STMicroelectronics.X-CUBE-TOUCHGFX.4.21.3
2023-04-04 17:19:05,593 [WARN] PackLoader:240 - Cannot read IP mode file for STMicroelectronics.X-CUBE-AI.7.3.0
2023-04-04 17:19:05,598 [WARN] PackLoader:240 - Cannot read IP mode file for STMicroelectronics.X-CUBE-ALGOBUILD.1.3.0
2023-04-04 17:19:05,614 [WARN] PackLoader:240 - Cannot read IP mode file for STMicroelectronics.X-CUBE-AZRTOS-L5.1.1.0
2023-04-04 17:19:05,644 [WARN] PackLoader:240 - Cannot read IP mode file for STMicroelectronics.X-CUBE-AZRTOS-G0.1.1.0
2023-04-04 17:19:05,655 [WARN] PackLoader:240 - Cannot read IP mode file for STMicroelectronics.X-CUBE-SUBG2.5.0.0
2023-04-04 17:19:05,666 [WARN] PackLoader:240 - Cannot read IP mode file for STMicroelectronics.X-CUBE-NFC4.3.0.0
2023-04-04 17:19:05,712 [WARN] PackLoader:240 - Cannot read IP mode file for SEGGER.I-CUBE-embOS.1.2.1
2023-04-04 17:19:05,761 [WARN] PackLoader:240 - Cannot read IP mode file for STMicroelectronics.X-CUBE-TOF1.3.3.0
2023-04-04 17:19:05,778 [WARN] PackLoader:240 - Cannot read IP mode file for STMicroelectronics.FP-ATR-ASTRA1.1.1.1
2023-04-04 17:19:05,806 [WARN] PackLoader:240 - Cannot read IP mode file for STMicroelectronics.X-CUBE-AZRTOS-G4.1.0.0
2023-04-04 17:19:05,812 [WARN] PackLoader:240 - Cannot read IP mode file for STMicroelectronics.FP-ATR-SIGFOX1.3.2.0
2023-04-04 17:19:05,831 [WARN] PackLoader:240 - Cannot read IP mode file for STMicroelectronics.X-CUBE-AZRTOS-L4.1.0.0
2023-04-04 17:19:05,837 [WARN] PackLoader:240 - Cannot read IP mode file for STMicroelectronics.X-CUBE-TOUCHGFX.4.20.0
2023-04-04 17:19:05,848 [WARN] PackLoader:240 - Cannot read IP mode file for STMicroelectronics.X-CUBE-AZRTOS-WL.1.0.0
2023-04-04 17:19:05,854 [WARN] PackLoader:240 - Cannot read IP mode file for portGmbH.I-Cube-SoM-uGOAL.1.1.0
2023-04-04 17:19:05,858 [WARN] PackLoader:240 - Cannot read IP mode file for STMicroelectronics.X-CUBE-ALS.1.0.1
2023-04-04 17:19:05,901 [WARN] PackLoader:240 - Cannot read IP mode file for STMicroelectronics.X-CUBE-MEMS1.9.5.0
2023-04-04 17:19:06,135 [WARN] PackLoader:240 - Cannot read IP mode file for STMicroelectronics.X-CUBE-AZRTOS-WB.1.1.0
2023-04-04 17:19:06,183 [WARN] PackLoader:240 - Cannot read IP mode file for SEGGER.I-CUBE-embOS.1.3.1
2023-04-04 17:19:06,269 [WARN] PackLoader:240 - Cannot read IP mode file for STMicroelectronics.X-CUBE-AZRTOS-L5.1.0.0
2023-04-04 17:19:06,277 [WARN] PackLoader:240 - Cannot read IP mode file for STMicroelectronics.X-CUBE-EEPRMA1.3.1.1
2023-04-04 17:19:06,279 [INFO] ThirdParty:978 - Integrity check success = true
2023-04-04 17:19:06,279 [INFO] IntegrityCheckThread:100 - exiting critical section [integrity check]
2023-04-04 17:19:06,279 [INFO] ThirdParty:873 - entering critical section [close project]
2023-04-04 17:19:06,279 [INFO] IntegrityCheckThread:103 - End integrity checks thread
2023-04-04 17:19:06,281 [INFO] ThirdParty:883 - exiting critical section [close project]
2023-04-04 17:19:06,285 [INFO] PinOutPanel:1499 - setPackage(No Configuration,No Configuration)
2023-04-04 17:19:06,293 [INFO] UtilMem:75 - Begin LoadConfig() Used Memory: 469071472 Bytes (650117120)
2023-04-04 17:19:06,295 [INFO] MicroXplorer:468 - Change Database Path : 
2023-04-04 17:19:06,295 [INFO] MicroXplorer:498 - Change Database Version : DB.6.0.80
2023-04-04 17:19:06,295 [INFO] OpenFileManager:308 - Change cursor
2023-04-04 17:19:06,329 [INFO] Mcu:1937 - Initializing MCU STM32G431K(6-8-B)Tx STM32G431KBTx STM32G431KBT6
2023-04-04 17:19:09,933 [INFO] Context:659 - Trying to add GPIOservice into a context  which must be forbidden
2023-04-04 17:19:11,155 [INFO] RtosManager:555 - Registered RTOS mode: class=CMSIS, group=RTOS, mode=CMSIS_V1, owner=FREERTOS
2023-04-04 17:19:11,156 [INFO] RtosManager:555 - Registered RTOS mode: class=CMSIS, group=RTOS2, mode=CMSIS_V2, owner=FREERTOS
2023-04-04 17:19:11,156 [INFO] RtosManager:555 - Registered RTOS mode: class=RTOS, group=Core, mode=CMSIS_V1, owner=FREERTOS
2023-04-04 17:19:11,156 [INFO] RtosManager:555 - Registered RTOS mode: class=RTOS, group=Core, mode=CMSIS_V2, owner=FREERTOS
2023-04-04 17:19:11,156 [WARN] ModelIntegratedComponent:184 - Missing modes for component STMicroelectronics:FreeRTOS:0.0.1:STMicroelectronics:RTOS:FreeRTOS:Core:::10.2.0:
2023-04-04 17:19:11,190 [WARN] ModelIntegratedComponent:63 - No mode defined for component null
2023-04-04 17:19:11,191 [WARN] ModelIntegratedComponent:63 - No mode defined for component null
2023-04-04 17:19:11,191 [WARN] ModelIntegratedComponent:63 - No mode defined for component null
2023-04-04 17:19:11,191 [WARN] ModelIntegratedComponent:63 - No mode defined for component null
2023-04-04 17:19:11,191 [WARN] ModelIntegratedComponent:63 - No mode defined for component null
2023-04-04 17:19:11,191 [WARN] ModelIntegratedComponent:63 - No mode defined for component null
2023-04-04 17:19:11,191 [WARN] ModelIntegratedComponent:63 - No mode defined for component null
2023-04-04 17:19:11,191 [WARN] ModelIntegratedComponent:63 - No mode defined for component null
2023-04-04 17:19:11,191 [WARN] ModelIntegratedComponent:63 - No mode defined for component null
2023-04-04 17:19:11,192 [WARN] ModelIntegratedComponent:63 - No mode defined for component null
2023-04-04 17:19:11,192 [WARN] ModelIntegratedComponent:63 - No mode defined for component null
2023-04-04 17:19:11,192 [WARN] ModelIntegratedComponent:63 - No mode defined for component null
2023-04-04 17:19:11,192 [WARN] ModelIntegratedComponent:63 - No mode defined for component null
2023-04-04 17:19:11,192 [WARN] ModelIntegratedComponent:63 - No mode defined for component null
2023-04-04 17:19:11,192 [WARN] ModelIntegratedComponent:63 - No mode defined for component null
2023-04-04 17:19:11,192 [WARN] ModelIntegratedComponent:63 - No mode defined for component null
2023-04-04 17:19:11,192 [WARN] ModelIntegratedComponent:63 - No mode defined for component null
2023-04-04 17:19:11,193 [WARN] ModelIntegratedComponent:63 - No mode defined for component null
2023-04-04 17:19:11,193 [WARN] ModelIntegratedComponent:63 - No mode defined for component null
2023-04-04 17:19:11,193 [WARN] ModelIntegratedComponent:63 - No mode defined for component null
2023-04-04 17:19:11,193 [WARN] ModelIntegratedComponent:63 - No mode defined for component null
2023-04-04 17:19:11,194 [WARN] ModelIntegratedComponent:63 - No mode defined for component null
2023-04-04 17:19:11,194 [WARN] ModelIntegratedComponent:63 - No mode defined for component null
2023-04-04 17:19:11,194 [WARN] ModelIntegratedComponent:63 - No mode defined for component null
2023-04-04 17:19:11,194 [WARN] ModelIntegratedComponent:63 - No mode defined for component null
2023-04-04 17:19:11,194 [WARN] ModelIntegratedComponent:63 - No mode defined for component null
2023-04-04 17:19:11,194 [WARN] ModelIntegratedComponent:63 - No mode defined for component null
2023-04-04 17:19:11,194 [WARN] ModelIntegratedComponent:63 - No mode defined for component null
2023-04-04 17:19:11,194 [WARN] ModelIntegratedComponent:63 - No mode defined for component null
2023-04-04 17:19:11,194 [WARN] ModelIntegratedComponent:63 - No mode defined for component null
2023-04-04 17:19:11,194 [WARN] ModelIntegratedComponent:63 - No mode defined for component null
2023-04-04 17:19:11,194 [WARN] ModelIntegratedComponent:63 - No mode defined for component null
2023-04-04 17:19:11,194 [WARN] ModelIntegratedComponent:63 - No mode defined for component null
2023-04-04 17:19:11,722 [INFO] ThirdPartyModel:298 - Start build external matchings
2023-04-04 17:19:12,557 [INFO] ThirdPartyModel:316 - End build external matchings
2023-04-04 17:19:12,918 [INFO] UtilMem:75 - End LoadConfig() Used Memory: 454426224 Bytes (684720128)
2023-04-04 17:19:13,238 [INFO] ApiDb:581 - Connected to CubeFinder SQLite database (/Users/madcloud123/.stmcufinder/plugins/mcufinder/mcu/cube-finder-db.db)
2023-04-04 17:19:13,346 [INFO] ApiDb:668 - CubeFinder database Data Model version=2.1
2023-04-04 17:19:13,346 [INFO] ApiDb:669 - CubeFinder database Configuration version=3.0.35
2023-04-04 17:19:13,346 [INFO] ApiDb:670 - CubeFinder database generation date=2023-03-10 (1678456172)
2023-04-04 17:19:13,346 [INFO] ApiDb:671 - CubeFinder database FW Pack versions=[FP-ATR-ASTRA1_V1.1.1, STM32Cube_FW_C0_V1.0.1, STM32Cube_FW_F0_V1.11.4, STM32Cube_FW_F3_V1.11.4, STM32Cube_FW_F4_V1.27.1, STM32Cube_FW_F7_V1.17.0, STM32Cube_FW_G0_V1.6.1, STM32Cube_FW_G4_V1.5.1, STM32Cube_FW_H5_V0.5.1, STM32Cube_FW_H5_V1.0.0, STM32Cube_FW_H7_V1.11.0, STM32Cube_FW_L0_V1.12.2, STM32Cube_FW_L5_V1.5.0, STM32Cube_FW_U5_V1.2.0, STM32Cube_FW_WBA_V1.0.0, STM32Cube_FW_WBA_V1.0.0RC1, STM32Cube_FW_WBA_V1.0.0RC3, STM32Cube_FW_WB_V1.15.0RC1, STM32Cube_FW_WB_V1.16.0, STM32Cube_FW_WB_V1.16.0RC2, STM32Cube_FW_WL_V1.3.0, X-CUBE-ALGOBUILD_V1.3.0, X-CUBE-ALS_V1.0.1, X-CUBE-AZRTOS-F4_V1.1.0, X-CUBE-AZRTOS-F7_V1.1.0, X-CUBE-AZRTOS-G0_V1.1.0, X-CUBE-AZRTOS-G4_V1.0.0, X-CUBE-AZRTOS-H7_V3.0.0, X-CUBE-AZRTOS-L4_V1.0.0, X-CUBE-AZRTOS-L5_V1.1.0, X-CUBE-AZRTOS-WB_V1.1.0, X-CUBE-AZRTOS-WL_V1.0.0, X-CUBE-BLE1_V6.2.4, X-CUBE-BLE2_V3.3.0, X-CUBE-BLEMGR_V1.3.0, X-CUBE-EEPRMA1_V4.1.0, X-CUBE-GNSS1_V6.0.0, X-CUBE-MEMS1_V9.1.0, X-CUBE-MEMS1_V9.4.0, X-CUBE-MEMS1_V9.5.0, X-CUBE-NFC4_V3.0.0, X-CUBE-NFC7_V1.0.0, X-CUBE-SFXS2LP1_V4.0.0, X-CUBE-SUBG2_V5.0.0]
2023-04-04 17:19:15,842 [INFO] ApiDb:240 - Found 297 in-development CPN: [B-G473E-ZEST1S, B-WB1M-WPAN1, B-WL5M-SUBG1, NUCLEO-C031C6, NUCLEO-H503RB, NUCLEO-H563ZI, NUCLEO-U545RE-Q, NUCLEO-U5A5ZJ-Q, NUCLEO-WBA52CG, STEVAL-PROTEUS1, STEVAL-STWINBX1, STM320518-EVAL, STM32C0116-DK, STM32C011D6Y3TR, STM32C011D6Y6TR, STM32C011F4P3, STM32C011F4P6, STM32C011F4U3, STM32C011F4U6TR, STM32C011F6P3, STM32C011F6P6, STM32C011F6U3, STM32C011F6U6TR, STM32C011J4M3, STM32C011J4M6, STM32C011J6M3, STM32C011J6M6, STM32C0316-DK, STM32C031C4T3, STM32C031C4T6, STM32C031C4U3, STM32C031C4U6, STM32C031C6T3, STM32C031C6T6, STM32C031C6U3, STM32C031C6U6, STM32C031F4P3, STM32C031F4P6, STM32C031F6P3, STM32C031F6P6, STM32C031G4U3, STM32C031G4U6, STM32C031G6U3, STM32C031G6U6, STM32C031K4T3, STM32C031K4T6, STM32C031K4U3, STM32C031K4U6, STM32C031K6T3, STM32C031K6T6, STM32C031K6U3, STM32C031K6U6, STM32G071K8TXN, STM32G071K8UXN, STM32G081GBU6N, STM32G081KBT6N, STM32G081KBUXN, STM32G0B1CCT6N, STM32G0B1KCT6, STM32G0B1NEY6TR, STM32G0B1RCT6N, STM32G0C1CCT6, STM32G0C1CCT6N, STM32G0C1CCU6N, STM32G0C1CET6N, STM32G0C1CEU6N, STM32G0C1KCT6, STM32G0C1NEY6TR, STM32G0C1RCI6N, STM32G0C1RCT6N, STM32G0C1REI6N, STM32G0C1RET6N, STM32G0C1VCI6, STM32G0C1VEI6, STM32G471CCT6, STM32G471CCU6, STM32G471CET3, STM32G471CET6, STM32G471CEU3, STM32G471CEU6, STM32G471MCT6, STM32G471MET3, STM32G471MET6, STM32G471MEY6TR, STM32G471QCT6, STM32G471QET3, STM32G471RCT6, STM32G471RET3, STM32G471RET6, STM32G471VCH6, STM32G471VCI6, STM32G471VCT6, STM32G471VEH3, STM32G471VEH6, STM32G471VEI3, STM32G471VEI6, STM32G471VET3, STM32G471VET6, STM32G474CCT6, STM32H503CBT6, STM32H503CBU6, STM32H503EBY6TR, STM32H503KBU6, STM32H503RBT6, STM32H562AGI6, STM32H562AII6, STM32H562IGK6, STM32H562IGT6, STM32H562IIK6, STM32H562IIT6, STM32H562RGT6, STM32H562RGV6, STM32H562RIT6, STM32H562RIV6, STM32H562VGT6, STM32H562VIT6, STM32H562ZGT6, STM32H562ZIT6, STM32H563AGI6, STM32H563AII3Q, STM32H563AII6, STM32H563IGK6, STM32H563IGT6, STM32H563IIK3Q, STM32H563IIK6, STM32H563IIT3Q, STM32H563IIT6, STM32H563MIY3QTR, STM32H563RGT6, STM32H563RGV6, STM32H563RIT6, STM32H563RIV6, STM32H563VGT6, STM32H563VIT3Q, STM32H563VIT6, STM32H563ZGT6, STM32H563ZIT3Q, STM32H563ZIT6, STM32H573AII3Q, STM32H573AII6, STM32H573I-DK, STM32H573IIK3Q, STM32H573IIK6, STM32H573IIT3Q, STM32H573IIT6, STM32H573MIY3QTR, STM32H573RIT6, STM32H573RIV6, STM32H573VIT3Q, STM32H573VIT6, STM32H573ZIT3Q, STM32H573ZIT6, STM32L4R5QGI6STR, STM32MP131AAE3, STM32MP131AAF3, STM32MP131AAG3, STM32MP131CAE3, STM32MP131CAF3, STM32MP131CAG3, STM32MP131DAE7, STM32MP131DAF7, STM32MP131DAG7, STM32MP131FAE7, STM32MP131FAF7, STM32MP131FAG7, STM32MP133AAE3, STM32MP133AAF3, STM32MP133AAG3, STM32MP133CAE3, STM32MP133CAF3, STM32MP133CAG3, STM32MP133DAE7, STM32MP133DAF7, STM32MP133DAG7, STM32MP133FAE7, STM32MP133FAF7, STM32MP133FAG7, STM32MP135AAE3, STM32MP135AAF3, STM32MP135AAG3, STM32MP135CAE3, STM32MP135CAF3, STM32MP135CAG3, STM32MP135DAE7, STM32MP135DAF7, STM32MP135DAG7, STM32MP135F-DK, STM32MP135FAE7, STM32MP135FAF7, STM32MP135FAF7T, STM32MP135FAF7U, STM32MP135FAG7, STM32U535CBT6, STM32U535CBT6Q, STM32U535CBU6, STM32U535CBU6Q, STM32U535CCT6, STM32U535CCT6Q, STM32U535CCU6, STM32U535CCU6Q, STM32U535CET6, STM32U535CET6Q, STM32U535CEU6, STM32U535CEU6Q, STM32U535JEY6QTR, STM32U535NCY6QTR, STM32U535NEY6QTR, STM32U535RBI6, STM32U535RBI6Q, STM32U535RBT6, STM32U535RBT6Q, STM32U535RCI6, STM32U535RCI6Q, STM32U535RCT6, STM32U535RCT6Q, STM32U535REI6, STM32U535REI6Q, STM32U535RET6, STM32U535RET6Q, STM32U535VCI6, STM32U535VCI6Q, STM32U535VCT6, STM32U535VCT6Q, STM32U535VEI6, STM32U535VEI6Q, STM32U535VET6, STM32U535VET6Q, STM32U545CET6, STM32U545CET6Q, STM32U545CEU6, STM32U545CEU6Q, STM32U545JEY6QTR, STM32U545NEY6QTR, STM32U545REI6, STM32U545REI6Q, STM32U545RET6, STM32U545RET6Q, STM32U545VEI6, STM32U545VEI6Q, STM32U545VET6, STM32U545VET6Q, STM32U595AIH6, STM32U595AIH6Q, STM32U595AJH6, STM32U595AJH6Q, STM32U595QII6, STM32U595QII6Q, STM32U595QJI6, STM32U595QJI6Q, STM32U595RIT6, STM32U595RIT6Q, STM32U595RJT6, STM32U595RJT6Q, STM32U595VIT6, STM32U595VIT6Q, STM32U595VJT6, STM32U595VJT6Q, STM32U595ZIT6, STM32U595ZIT6Q, STM32U595ZIY6QTR, STM32U595ZJT6, STM32U595ZJT6Q, STM32U595ZJY6QTR, STM32U599BJY6QTR, STM32U599NIH6Q, STM32U599NJH6Q, STM32U599VIT6Q, STM32U599VJT6, STM32U599VJT6Q, STM32U599ZIT6Q, STM32U599ZIY6QTR, STM32U599ZJT6Q, STM32U599ZJY6QTR, STM32U5A5AJH6, STM32U5A5AJH6Q, STM32U5A5QJI6, STM32U5A5QJI6Q, STM32U5A5RJT6, STM32U5A5RJT6Q, STM32U5A5VJT6, STM32U5A5VJT6Q, STM32U5A5ZJT6, STM32U5A5ZJT6Q, STM32U5A5ZJY6QTR, STM32U5A9BJY6QTR, STM32U5A9J-DK, STM32U5A9NJH6Q, STM32U5A9VJT6Q, STM32U5A9ZJT6Q, STM32U5A9ZJY6QTR, STM32WB1MMCH6, STM32WBA52CEU6, STM32WBA52CEU6T, STM32WBA52CGU6, STM32WBA52CGU6T, STM32WL5MOCH6, STM32WL5MOCH6TR]
2023-04-04 17:19:15,845 [INFO] DbMcus:216 - Found 3775 MCUs, 3775 are supported
2023-04-04 17:19:15,848 [INFO] ApiDb:423 - Load user favorites file /Users/madcloud123/.stm32cubeide/favorites.mcus.txt: 0 item(s)
2023-04-04 17:19:15,849 [INFO] ApiDb:427 - User favorites MCUs=[]
2023-04-04 17:19:15,849 [INFO] DbMcus:222 - Set 0 / 0 favorites MCUs
2023-04-04 17:19:16,217 [WARN] ThirdParty:833 - waiting for thirdparty lock release [change project]
2023-04-04 17:19:16,217 [INFO] ThirdParty:835 - entering critical section [change project]
2023-04-04 17:19:16,218 [INFO] ThirdParty:1030 - CMSIS Pack Vendor :STMicroelectronics X-CUBE-ISPU 1.1.0
2023-04-04 17:19:16,218 [INFO] ThirdParty:1030 - CMSIS Pack Vendor :RoweBots I-CUBE-UNISONRTOS 5.5.0-4
2023-04-04 17:19:16,218 [INFO] ThirdParty:1030 - CMSIS Pack Vendor :STMicroelectronics X-CUBE-GNSS1 6.0.0
2023-04-04 17:19:16,218 [INFO] ThirdParty:1030 - CMSIS Pack Vendor :STMicroelectronics X-CUBE-AZRTOS-H7 2.1.0
2023-04-04 17:19:16,218 [INFO] ThirdParty:1030 - CMSIS Pack Vendor :STMicroelectronics USB_HOST 2.0.0
2023-04-04 17:19:16,218 [INFO] ThirdParty:1030 - CMSIS Pack Vendor :STMicroelectronics X-CUBE-AZRTOS-F4 1.1.0
2023-04-04 17:19:16,218 [INFO] ThirdParty:1030 - CMSIS Pack Vendor :STMicroelectronics LIBJPEG 8.0.0
2023-04-04 17:19:16,218 [INFO] ThirdParty:1030 - CMSIS Pack Vendor :STMicroelectronics USB_DEVICE 3.0.0
2023-04-04 17:19:16,218 [INFO] ThirdParty:1030 - CMSIS Pack Vendor :STMicroelectronics X-CUBE-AI 8.0.0
2023-04-04 17:19:16,218 [INFO] ThirdParty:1030 - CMSIS Pack Vendor :STMicroelectronics X-CUBE-FREERTOS 1.0.0
2023-04-04 17:19:16,219 [INFO] ThirdParty:1030 - CMSIS Pack Vendor :STMicroelectronics X-CUBE-TOUCHGFX 4.21.1
2023-04-04 17:19:16,219 [INFO] ThirdParty:1030 - CMSIS Pack Vendor :STMicroelectronics X-CUBE-TOUCHGFX 4.21.3
2023-04-04 17:19:16,219 [INFO] ThirdParty:1030 - CMSIS Pack Vendor :STMicroelectronics X-CUBE-BLEMGR 1.2.0
2023-04-04 17:19:16,219 [INFO] ThirdParty:1030 - CMSIS Pack Vendor :STMicroelectronics X-CUBE-AZRTOS-F7 1.1.0
2023-04-04 17:19:16,219 [INFO] ThirdParty:1030 - CMSIS Pack Vendor :STMicroelectronics USB_DEVICE 2.0.0
2023-04-04 17:19:16,219 [INFO] ThirdParty:1030 - CMSIS Pack Vendor :STMicroelectronics X-CUBE-AI 7.3.0
2023-04-04 17:19:16,219 [INFO] ThirdParty:1030 - CMSIS Pack Vendor :STMicroelectronics X-CUBE-BLE1 6.2.3
2023-04-04 17:19:16,219 [INFO] ThirdParty:1030 - CMSIS Pack Vendor :STMicroelectronics X-CUBE-ALGOBUILD 1.3.0
2023-04-04 17:19:16,219 [INFO] ThirdParty:1030 - CMSIS Pack Vendor :STMicroelectronics X-CUBE-BLE1 6.2.4
2023-04-04 17:19:16,219 [INFO] ThirdParty:1030 - CMSIS Pack Vendor :STMicroelectronics X-CUBE-AZRTOS-L5 1.1.0
2023-04-04 17:19:16,219 [INFO] ThirdParty:1030 - CMSIS Pack Vendor :STMicroelectronics FreeRTOS 0.0.1
2023-04-04 17:19:16,219 [INFO] ThirdParty:1030 - CMSIS Pack Vendor :emotas I-CUBE-CANOPEN 1.1.3
2023-04-04 17:19:16,220 [INFO] ThirdParty:1030 - CMSIS Pack Vendor :STMicroelectronics X-CUBE-AZRTOS-G0 1.1.0
2023-04-04 17:19:16,220 [INFO] ThirdParty:1030 - CMSIS Pack Vendor :STMicroelectronics X-CUBE-BLEMGR 2.0.0
2023-04-04 17:19:16,220 [INFO] ThirdParty:1030 - CMSIS Pack Vendor :STMicroelectronics X-CUBE-SUBG2 5.0.0
2023-04-04 17:19:16,220 [INFO] ThirdParty:1030 - CMSIS Pack Vendor :STMicroelectronics X-CUBE-NFC4 3.0.0
2023-04-04 17:19:16,220 [INFO] ThirdParty:1030 - CMSIS Pack Vendor :STMicroelectronics STM32_WPAN 1.0.0
2023-04-04 17:19:16,220 [INFO] ThirdParty:1030 - CMSIS Pack Vendor :SEGGER I-CUBE-embOS 1.2.1
2023-04-04 17:19:16,220 [INFO] ThirdParty:1030 - CMSIS Pack Vendor :STMicroelectronics lwIP 2.0.3
2023-04-04 17:19:16,220 [INFO] ThirdParty:1030 - CMSIS Pack Vendor :STMicroelectronics X-CUBE-NFC4 2.0.4
2023-04-04 17:19:16,220 [INFO] ThirdParty:1030 - CMSIS Pack Vendor :STMicroelectronics USB_HOST 1.0.0
2023-04-04 17:19:16,220 [INFO] ThirdParty:1030 - CMSIS Pack Vendor :STMicroelectronics PDM2PCM 3.1.0
2023-04-04 17:19:16,220 [INFO] ThirdParty:1030 - CMSIS Pack Vendor :STMicroelectronics X-CUBE-TOF1 3.3.0
2023-04-04 17:19:16,220 [INFO] ThirdParty:1030 - CMSIS Pack Vendor :STMicroelectronics FP-ATR-ASTRA1 1.1.1
2023-04-04 17:19:16,221 [INFO] ThirdParty:1030 - CMSIS Pack Vendor :STMicroelectronics PDM2PCM 3.3.0
2023-04-04 17:19:16,221 [INFO] ThirdParty:1030 - CMSIS Pack Vendor :STMicroelectronics X-CUBE-DISPLAY 3.0.0
2023-04-04 17:19:16,221 [INFO] ThirdParty:1030 - CMSIS Pack Vendor :wolfSSL I-CUBE-wolfSSL 5.5.3
2023-04-04 17:19:16,221 [INFO] ThirdParty:1030 - CMSIS Pack Vendor :STMicroelectronics X-CUBE-AZRTOS-G4 1.0.0
2023-04-04 17:19:16,221 [INFO] ThirdParty:1030 - CMSIS Pack Vendor :STMicroelectronics FP-ATR-SIGFOX1 3.2.0
2023-04-04 17:19:16,221 [INFO] ThirdParty:1030 - CMSIS Pack Vendor :STMicroelectronics X-CUBE-AZRTOS-L4 1.0.0
2023-04-04 17:19:16,221 [INFO] ThirdParty:1030 - CMSIS Pack Vendor :STMicroelectronics HAL Drivers 0.0.0
2023-04-04 17:19:16,221 [INFO] ThirdParty:1030 - CMSIS Pack Vendor :STMicroelectronics MBEDTLS 2.16.2
2023-04-04 17:19:16,221 [INFO] ThirdParty:1030 - CMSIS Pack Vendor :STMicroelectronics X-CUBE-TOUCHGFX 4.20.0
2023-04-04 17:19:16,221 [INFO] ThirdParty:1030 - CMSIS Pack Vendor :STMicroelectronics MBEDTLS 2.14.1
2023-04-04 17:19:16,221 [INFO] ThirdParty:1030 - CMSIS Pack Vendor :STMicroelectronics X-CUBE-NFC7 1.0.0
2023-04-04 17:19:16,221 [INFO] ThirdParty:1030 - CMSIS Pack Vendor :STMicroelectronics X-CUBE-AZRTOS-WL 1.0.0
2023-04-04 17:19:16,221 [INFO] ThirdParty:1030 - CMSIS Pack Vendor :STMicroelectronics X-CUBE-MEMS1 9.3.0
2023-04-04 17:19:16,222 [INFO] ThirdParty:1030 - CMSIS Pack Vendor :STMicroelectronics X-CUBE-EEPRMA1 4.1.0
2023-04-04 17:19:16,222 [INFO] ThirdParty:1030 - CMSIS Pack Vendor :portGmbH I-Cube-SoM-uGOAL 1.1.0
2023-04-04 17:19:16,222 [INFO] ThirdParty:1030 - CMSIS Pack Vendor :STMicroelectronics X-CUBE-ALS 1.0.1
2023-04-04 17:19:16,222 [INFO] ThirdParty:1030 - CMSIS Pack Vendor :STMicroelectronics X-CUBE-MEMS1 9.5.0
2023-04-04 17:19:16,222 [INFO] ThirdParty:1030 - CMSIS Pack Vendor :STMicroelectronics ThreadX 1.0.0
2023-04-04 17:19:16,222 [INFO] ThirdParty:1030 - CMSIS Pack Vendor :STMicroelectronics X-CUBE-AZRTOS-WB 1.1.0
2023-04-04 17:19:16,222 [INFO] ThirdParty:1030 - CMSIS Pack Vendor :SEGGER I-CUBE-embOS 1.3.1
2023-04-04 17:19:16,222 [INFO] ThirdParty:1030 - CMSIS Pack Vendor :STMicroelectronics X-CUBE-AZRTOS-L5 1.0.0
2023-04-04 17:19:16,222 [INFO] ThirdParty:1030 - CMSIS Pack Vendor :STMicroelectronics USB_DEVICE 1.0.0
2023-04-04 17:19:16,222 [INFO] ThirdParty:1030 - CMSIS Pack Vendor :STMicroelectronics X-CUBE-EEPRMA1 3.1.1
2023-04-04 17:19:16,222 [INFO] ThirdParty:1030 - CMSIS Pack Vendor :STMicroelectronics ThreadX 0.0.2
2023-04-04 17:19:16,222 [INFO] ThirdParty:1030 - CMSIS Pack Vendor :WES I-CUBE-Cesium 1.3.0
2023-04-04 17:19:16,222 [INFO] ThirdParty:1030 - CMSIS Pack Vendor :STMicroelectronics lwIP 2.1.2
2023-04-04 17:19:16,223 [INFO] ThirdParty:1030 - CMSIS Pack Vendor :STMicroelectronics X-CUBE-SFXS2LP1 4.0.0
2023-04-04 17:19:16,223 [INFO] ThirdParty:1030 - CMSIS Pack Vendor :STMicroelectronics X-CUBE-BLE2 3.3.0
2023-04-04 17:19:16,223 [INFO] ThirdParty:1030 - CMSIS Pack Vendor :STMicroelectronics X-CUBE-DISPLAY 2.2.0
2023-04-04 17:19:16,223 [INFO] ThirdParty:1030 - CMSIS Pack Vendor :STMicroelectronics X-CUBE-TOF1 3.2.0
2023-04-04 17:19:16,223 [INFO] ThirdParty:1030 - CMSIS Pack Vendor :STMicroelectronics PDM2PCM 3.2.0
2023-04-04 17:19:16,223 [INFO] ThirdParty:1030 - CMSIS Pack Vendor :STMicroelectronics X-CUBE-AZRTOS-H7 3.0.0
2023-04-04 17:19:16,223 [INFO] ThirdParty:841 - exiting critical section [change project]
2023-04-04 17:19:16,868 [INFO] PinOutPanel:1499 - setPackage(No Configuration,No Configuration)
2023-04-04 17:19:16,870 [INFO] PinOutPanel:1499 - setPackage(STM32G431KBTx,LQFP32)
2023-04-04 17:19:17,400 [INFO] UtilMem:75 - Before build in PCC Used Memory: 588209848 Bytes (684720128)
2023-04-04 17:19:18,454 [INFO] UtilMem:75 - After build in PCC Used Memory: 550221888 Bytes (684720128)
2023-04-04 17:19:18,495 [INFO] IPUIPlugin:80 - create IPUIPlugin
2023-04-04 17:19:18,496 [INFO] IPUIPlugin:80 - create IPUIPlugin
2023-04-04 17:19:18,496 [INFO] IPUIPlugin:80 - create IPUIPlugin
2023-04-04 17:19:18,496 [INFO] IPUIPlugin:80 - create IPUIPlugin
2023-04-04 17:19:18,496 [INFO] IPUIPlugin:80 - create IPUIPlugin
2023-04-04 17:19:18,496 [INFO] IPUIPlugin:80 - create IPUIPlugin
2023-04-04 17:19:18,497 [INFO] IPUIPlugin:80 - create IPUIPlugin
2023-04-04 17:19:18,497 [INFO] IPUIPlugin:80 - create IPUIPlugin
2023-04-04 17:19:18,497 [INFO] IPUIPlugin:80 - create IPUIPlugin
2023-04-04 17:19:18,497 [INFO] IPUIPlugin:80 - create IPUIPlugin
2023-04-04 17:19:18,498 [INFO] IPUIPlugin:80 - create IPUIPlugin
2023-04-04 17:19:18,498 [INFO] IPUIPlugin:80 - create IPUIPlugin
2023-04-04 17:19:18,499 [INFO] IPUIPlugin:80 - create IPUIPlugin
2023-04-04 17:19:18,502 [INFO] IPUIPlugin:80 - create IPUIPlugin
2023-04-04 17:19:18,502 [INFO] IPUIPlugin:80 - create IPUIPlugin
2023-04-04 17:19:18,502 [INFO] IPUIPlugin:80 - create IPUIPlugin
2023-04-04 17:19:18,504 [INFO] IPUIPlugin:80 - create IPUIPlugin
2023-04-04 17:19:18,505 [INFO] IPUIPlugin:80 - create IPUIPlugin
2023-04-04 17:19:18,505 [INFO] IPUIPlugin:80 - create IPUIPlugin
2023-04-04 17:19:18,505 [INFO] IPUIPlugin:80 - create IPUIPlugin
2023-04-04 17:19:18,506 [INFO] IPUIPlugin:80 - create IPUIPlugin
2023-04-04 17:19:18,506 [INFO] IPUIPlugin:80 - create IPUIPlugin
2023-04-04 17:19:18,506 [INFO] IPUIPlugin:80 - create IPUIPlugin
2023-04-04 17:19:18,506 [INFO] IPUIPlugin:80 - create IPUIPlugin
2023-04-04 17:19:18,507 [INFO] IPUIPlugin:80 - create IPUIPlugin
2023-04-04 17:19:18,507 [INFO] IPUIPlugin:80 - create IPUIPlugin
2023-04-04 17:19:18,507 [INFO] IPUIPlugin:80 - create IPUIPlugin
2023-04-04 17:19:18,508 [INFO] IPUIPlugin:80 - create IPUIPlugin
2023-04-04 17:19:18,508 [INFO] IPUIPlugin:80 - create IPUIPlugin
2023-04-04 17:19:18,508 [INFO] IPUIPlugin:80 - create IPUIPlugin
2023-04-04 17:19:18,508 [INFO] IPUIPlugin:80 - create IPUIPlugin
2023-04-04 17:19:18,509 [INFO] IPUIPlugin:80 - create IPUIPlugin
2023-04-04 17:19:18,509 [INFO] IPUIPlugin:80 - create IPUIPlugin
2023-04-04 17:19:18,510 [INFO] IPUIPlugin:80 - create IPUIPlugin
2023-04-04 17:19:18,510 [INFO] IPUIPlugin:80 - create IPUIPlugin
2023-04-04 17:19:18,510 [INFO] IPUIPlugin:80 - create IPUIPlugin
2023-04-04 17:19:18,510 [INFO] IPUIPlugin:80 - create IPUIPlugin
2023-04-04 17:19:18,511 [INFO] IPUIPlugin:80 - create IPUIPlugin
2023-04-04 17:19:18,511 [INFO] IPUIPlugin:80 - create IPUIPlugin
2023-04-04 17:19:18,511 [INFO] IPUIPlugin:80 - create IPUIPlugin
2023-04-04 17:19:18,511 [INFO] IPUIPlugin:80 - create IPUIPlugin
2023-04-04 17:19:18,512 [INFO] IPUIPlugin:80 - create IPUIPlugin
2023-04-04 17:19:18,512 [INFO] IPUIPlugin:80 - create IPUIPlugin
2023-04-04 17:19:18,512 [INFO] IPUIPlugin:80 - create IPUIPlugin
2023-04-04 17:19:18,512 [INFO] IPUIPlugin:80 - create IPUIPlugin
2023-04-04 17:19:18,512 [INFO] IPUIPlugin:80 - create IPUIPlugin
2023-04-04 17:19:18,512 [INFO] IPUIPlugin:80 - create IPUIPlugin
2023-04-04 17:19:18,513 [INFO] IPUIPlugin:80 - create IPUIPlugin
2023-04-04 17:19:18,513 [INFO] IPUIPlugin:80 - create IPUIPlugin
2023-04-04 17:19:18,513 [INFO] IPUIPlugin:80 - create IPUIPlugin
2023-04-04 17:19:18,514 [INFO] IPUIPlugin:80 - create IPUIPlugin
2023-04-04 17:19:18,514 [INFO] IPUIPlugin:80 - create IPUIPlugin
2023-04-04 17:19:18,515 [INFO] IPUIPlugin:80 - create IPUIPlugin
2023-04-04 17:19:18,515 [INFO] IPUIPlugin:80 - create IPUIPlugin
2023-04-04 17:19:18,516 [INFO] IPUIPlugin:80 - create IPUIPlugin
2023-04-04 17:19:18,517 [INFO] IPUIPlugin:80 - create IPUIPlugin
2023-04-04 17:19:18,885 [INFO] CADModel:165 - CPN selected for project levelSTM32G431KBT6
2023-04-04 17:19:18,886 [INFO] CADModel:114 - Register for checkConnection events
2023-04-04 17:19:18,928 [INFO] OpenFileManager:328 - Restore cursor
2023-04-04 17:40:54,790 [INFO] Gpio:273 - dependency for GPIO [SPI1, SYS, USART2]
